Traceback (most recent call last):
  File "/home/beks/.local/lib/python3.6/site-packages/slither/core/cfg/node.py", line 895, in _find_read_write_call
    self._high_level_calls.append((ir.destination.type.type, ir.function))
AttributeError: 'NoneType' object has no attribute 'type'

During handling of the above exception, another exception occurred:

Traceback (most recent call last):
  File "/home/beks/.local/lib/python3.6/site-packages/slither/__main__.py", line 693, in main_impl
    ) = process_all(filename, args, detector_classes, printer_classes)
  File "/home/beks/.local/lib/python3.6/site-packages/slither/__main__.py", line 79, in process_all
    ) = process_single(compilation, args, detector_classes, printer_classes)
  File "/home/beks/.local/lib/python3.6/site-packages/slither/__main__.py", line 62, in process_single
    slither = Slither(target, ast_format=ast, **vars(args))
  File "/home/beks/.local/lib/python3.6/site-packages/slither/slither.py", line 105, in __init__
    self._parser.analyze_contracts()
  File "/home/beks/.local/lib/python3.6/site-packages/slither/solc_parsing/slitherSolc.py", line 360, in analyze_contracts
    self._convert_to_slithir()
  File "/home/beks/.local/lib/python3.6/site-packages/slither/solc_parsing/slitherSolc.py", line 501, in _convert_to_slithir
    func.generate_slithir_and_analyze()
  File "/home/beks/.local/lib/python3.6/site-packages/slither/core/declarations/function.py", line 1652, in generate_slithir_and_analyze
    node.slithir_generation()
  File "/home/beks/.local/lib/python3.6/site-packages/slither/core/cfg/node.py", line 711, in slithir_generation
    self._find_read_write_call()
  File "/home/beks/.local/lib/python3.6/site-packages/slither/core/cfg/node.py", line 899, in _find_read_write_call
    f"Function not found on {ir}. Please try compiling with a recent Solidity version. {error}"
slither.exceptions.SlitherException: Function not found on TMP_773(None) = HIGH_LEVEL_CALL, dest:TMP_772(None), function:sub, arguments:['1']  . Please try compiling with a recent Solidity version. 'NoneType' object has no attribute 'type'
ERROR:root:[91mError:[0m
ERROR:root:[91mFunction not found on TMP_773(None) = HIGH_LEVEL_CALL, dest:TMP_772(None), function:sub, arguments:['1']  . Please try compiling with a recent Solidity version. 'NoneType' object has no attribute 'type'[0m
ERROR:root:Please report an issue to https://github.com/crytic/slither/issues

---------------------------------------------
For contract 0xd95d27f343b053af7776c3f388d8cc882682b0d7.sol
Tool Runtime = 3.4205023089998576 seconds
#############################################