mythril.mythril [CRITICAL]: Exception occurred, aborting analysis. Please report this issue to the Mythril GitHub page.
Traceback (most recent call last):
  File "/home/ubuntu/Mpro/M-Pro/mythril/laser/ethereum/state/memory.py", line 80, in write_word_at
    _bytes = util.concrete_int_to_bytes(value)
  File "/home/ubuntu/Mpro/M-Pro/mythril/laser/ethereum/util.py", line 145, in concrete_int_to_bytes
    return simplify(val).value.to_bytes(32, byteorder="big")
AttributeError: 'NoneType' object has no attribute 'to_bytes'

During handling of the above exception, another exception occurred:

Traceback (most recent call last):
  File "/home/ubuntu/Mpro/M-Pro/mythril/mythril.py", line 629, in slither_mythril
    heuristic=priority
  File "/home/ubuntu/Mpro/M-Pro/mythril/analysis/symbolic.py", line 103, in __init__
    creation_code=contract.creation_code, contract_name=contract.name, heuristic=heuristic, disassembly = contract.disassembly
  File "/home/ubuntu/Mpro/M-Pro/mythril/laser/ethereum/svm.py", line 149, in sym_exec
    self, creation_code, contract_name
  File "/home/ubuntu/Mpro/M-Pro/mythril/laser/ethereum/transaction/symbolic.py", line 187, in execute_contract_creation
    laser_evm.exec(True)
  File "/home/ubuntu/Mpro/M-Pro/mythril/laser/ethereum/svm.py", line 254, in exec
    new_states, op_code = self.execute_state(global_state, disassembly, priority=priotity)
  File "/home/ubuntu/Mpro/M-Pro/mythril/laser/ethereum/svm.py", line 303, in execute_state
    global_state
  File "/home/ubuntu/Mpro/M-Pro/mythril/laser/ethereum/instructions.py", line 202, in evaluate
    result = instruction_mutator(global_state)
  File "/home/ubuntu/Mpro/M-Pro/mythril/laser/ethereum/instructions.py", line 146, in wrapper
    new_global_states = self.call_on_state_copy(func, func_obj, global_state)
  File "/home/ubuntu/Mpro/M-Pro/mythril/laser/ethereum/instructions.py", line 90, in call_on_state_copy
    return func(func_obj, global_state_copy)
  File "/home/ubuntu/Mpro/M-Pro/mythril/laser/ethereum/instructions.py", line 1224, in mstore_
    state.memory.write_word_at(mstart, value)
  File "/home/ubuntu/Mpro/M-Pro/mythril/laser/ethereum/state/memory.py", line 95, in write_word_at
    self[index + 31 - (i // 8)] = Extract(i + 7, i, value_to_write)
  File "/home/ubuntu/Mpro/M-Pro/mythril/laser/ethereum/state/memory.py", line 142, in __setitem__
    self._memory[key] = value
IndexError: cannot fit 'int' into an index-sized integer
 
mythril.mythril [CRITICAL]: Exception occurred, aborting analysis. Please report this issue to the Mythril GitHub page.
Traceback (most recent call last):
  File "/home/ubuntu/Mpro/M-Pro/mythril/laser/ethereum/state/memory.py", line 80, in write_word_at
    _bytes = util.concrete_int_to_bytes(value)
  File "/home/ubuntu/Mpro/M-Pro/mythril/laser/ethereum/util.py", line 145, in concrete_int_to_bytes
    return simplify(val).value.to_bytes(32, byteorder="big")
AttributeError: 'NoneType' object has no attribute 'to_bytes'

During handling of the above exception, another exception occurred:

Traceback (most recent call last):
  File "/home/ubuntu/Mpro/M-Pro/mythril/mythril.py", line 629, in slither_mythril
    heuristic=priority
  File "/home/ubuntu/Mpro/M-Pro/mythril/analysis/symbolic.py", line 103, in __init__
    creation_code=contract.creation_code, contract_name=contract.name, heuristic=heuristic, disassembly = contract.disassembly
  File "/home/ubuntu/Mpro/M-Pro/mythril/laser/ethereum/svm.py", line 149, in sym_exec
    self, creation_code, contract_name
  File "/home/ubuntu/Mpro/M-Pro/mythril/laser/ethereum/transaction/symbolic.py", line 187, in execute_contract_creation
    laser_evm.exec(True)
  File "/home/ubuntu/Mpro/M-Pro/mythril/laser/ethereum/svm.py", line 254, in exec
    new_states, op_code = self.execute_state(global_state, disassembly, priority=priotity)
  File "/home/ubuntu/Mpro/M-Pro/mythril/laser/ethereum/svm.py", line 303, in execute_state
    global_state
  File "/home/ubuntu/Mpro/M-Pro/mythril/laser/ethereum/instructions.py", line 202, in evaluate
    result = instruction_mutator(global_state)
  File "/home/ubuntu/Mpro/M-Pro/mythril/laser/ethereum/instructions.py", line 146, in wrapper
    new_global_states = self.call_on_state_copy(func, func_obj, global_state)
  File "/home/ubuntu/Mpro/M-Pro/mythril/laser/ethereum/instructions.py", line 90, in call_on_state_copy
    return func(func_obj, global_state_copy)
  File "/home/ubuntu/Mpro/M-Pro/mythril/laser/ethereum/instructions.py", line 1224, in mstore_
    state.memory.write_word_at(mstart, value)
  File "/home/ubuntu/Mpro/M-Pro/mythril/laser/ethereum/state/memory.py", line 95, in write_word_at
    self[index + 31 - (i // 8)] = Extract(i + 7, i, value_to_write)
  File "/home/ubuntu/Mpro/M-Pro/mythril/laser/ethereum/state/memory.py", line 142, in __setitem__
    self._memory[key] = value
IndexError: cannot fit 'int' into an index-sized integer
 
total states: 1233
total states: 2469
total states: 512
total states: 540
total states: 540
total states: 1284
total states: 30
total states: 30
total states: 30

---------------------------------------------
For contract 0x20081862b301c1ef9357bc0a125aa414db210f2c.sol
Tool Runtime = 155.52324201299962 seconds
#############################################