Compilation warnings/errors on gas_gauge.sol:
Error: Expected pragma, import directive or contract/interface/library/struct/enum/constant/function definition.
 --> gas_gauge.sol:5:1:
  |
5 | <<<<<<< HEAD
  | ^^


Traceback (most recent call last):
  File "/home/sneha/.local/lib/python3.8/site-packages/crytic_compile/platform/solc.py", line 544, in _run_solc
    ret: Dict = json.loads(stdout)
  File "/usr/lib/python3.8/json/__init__.py", line 357, in loads
    return _default_decoder.decode(s)
  File "/usr/lib/python3.8/json/decoder.py", line 337, in decode
    obj, end = self.raw_decode(s, idx=_w(s, 0).end())
  File "/usr/lib/python3.8/json/decoder.py", line 355, in raw_decode
    raise JSONDecodeError("Expecting value", s, err.value) from None
json.decoder.JSONDecodeError: Expecting value: line 1 column 1 (char 0)

During handling of the above exception, another exception occurred:

Traceback (most recent call last):
  File "/home/sneha/.local/lib/python3.8/site-packages/slither/__main__.py", line 826, in main_impl
    ) = process_all(filename, args, detector_classes, printer_classes)
  File "/home/sneha/.local/lib/python3.8/site-packages/slither/__main__.py", line 86, in process_all
    compilations = compile_all(target, **vars(args))
  File "/home/sneha/.local/lib/python3.8/site-packages/crytic_compile/crytic_compile.py", line 637, in compile_all
    compilations.append(CryticCompile(target, **kwargs))
  File "/home/sneha/.local/lib/python3.8/site-packages/crytic_compile/crytic_compile.py", line 117, in __init__
    self._compile(**kwargs)
  File "/home/sneha/.local/lib/python3.8/site-packages/crytic_compile/crytic_compile.py", line 548, in _compile
    self._platform.compile(self, **kwargs)
  File "/home/sneha/.local/lib/python3.8/site-packages/crytic_compile/platform/solc.py", line 154, in compile
    targets_json = _get_targets_json(compilation_unit, self._target, **kwargs)
  File "/home/sneha/.local/lib/python3.8/site-packages/crytic_compile/platform/solc.py", line 276, in _get_targets_json
    return _run_solc(
  File "/home/sneha/.local/lib/python3.8/site-packages/crytic_compile/platform/solc.py", line 548, in _run_solc
    raise InvalidCompilation(f"Invalid solc compilation {stderr}")
crytic_compile.platform.exceptions.InvalidCompilation: Invalid solc compilation Error: Expected pragma, import directive or contract/interface/library/struct/enum/constant/function definition.
 --> gas_gauge.sol:5:1:
  |
5 | <<<<<<< HEAD
  | ^^


Error in gas_gauge.sol
Traceback (most recent call last):
  File "/home/sneha/.local/lib/python3.8/site-packages/crytic_compile/platform/solc.py", line 544, in _run_solc
    ret: Dict = json.loads(stdout)
  File "/usr/lib/python3.8/json/__init__.py", line 357, in loads
    return _default_decoder.decode(s)
  File "/usr/lib/python3.8/json/decoder.py", line 337, in decode
    obj, end = self.raw_decode(s, idx=_w(s, 0).end())
  File "/usr/lib/python3.8/json/decoder.py", line 355, in raw_decode
    raise JSONDecodeError("Expecting value", s, err.value) from None
json.decoder.JSONDecodeError: Expecting value: line 1 column 1 (char 0)

During handling of the above exception, another exception occurred:

Traceback (most recent call last):
  File "/home/sneha/.local/lib/python3.8/site-packages/slither/__main__.py", line 826, in main_impl
    ) = process_all(filename, args, detector_classes, printer_classes)
  File "/home/sneha/.local/lib/python3.8/site-packages/slither/__main__.py", line 86, in process_all
    compilations = compile_all(target, **vars(args))
  File "/home/sneha/.local/lib/python3.8/site-packages/crytic_compile/crytic_compile.py", line 637, in compile_all
    compilations.append(CryticCompile(target, **kwargs))
  File "/home/sneha/.local/lib/python3.8/site-packages/crytic_compile/crytic_compile.py", line 117, in __init__
    self._compile(**kwargs)
  File "/home/sneha/.local/lib/python3.8/site-packages/crytic_compile/crytic_compile.py", line 548, in _compile
    self._platform.compile(self, **kwargs)
  File "/home/sneha/.local/lib/python3.8/site-packages/crytic_compile/platform/solc.py", line 154, in compile
    targets_json = _get_targets_json(compilation_unit, self._target, **kwargs)
  File "/home/sneha/.local/lib/python3.8/site-packages/crytic_compile/platform/solc.py", line 276, in _get_targets_json
    return _run_solc(
  File "/home/sneha/.local/lib/python3.8/site-packages/crytic_compile/platform/solc.py", line 548, in _run_solc
    raise InvalidCompilation(f"Invalid solc compilation {stderr}")
crytic_compile.platform.exceptions.InvalidCompilation: Invalid solc compilation Error: Expected pragma, import directive or contract/interface/library/struct/enum/constant/function definition.
 --> gas_gauge.sol:5:1:
  |
5 | <<<<<<< HEAD
  | ^^



