pragma directive defines a prior version to 0.5.12. Changing pragma version to 0.5.12....
Traceback (most recent call last):
  File "/sec/securify/grammar/attributes/evaluators/evaluator_demand_iterative.py", line 53, in evaluate
    result = super()._execute_rule(rule, arguments)
  File "/sec/securify/grammar/attributes/evaluators/evaluator_base.py", line 42, in _execute_rule
    return rule.func(**{name: node for name, node in arguments.items()})
  File "/sec/securify/solidity/v_0_5_x/solidity_grammar_core.py", line 527, in cfg_modified
    return modify_function_body(self, modifiers)
  File "/sec/securify/solidity/v_0_5_x/solidity_modifiers.py", line 75, in modify_function_body
    cfg = cfg.replace(last_goto, ir.Return(last_goto.ast_node, args_return, None))
  File "/sec/securify/ir/cfgutils.py", line 78, in replace
    new_graph = self.graph.replace(node, new_node.graph if isinstance(new_node, CfgSimple) else new_node)
  File "/sec/securify/ir/graph.py", line 19, in inplace_wrapper
    f(self, *args, **kwargs)
  File "/sec/securify/ir/graph.py", line 155, in replace
    old_node_predecessors = list(self.predecessors(old_node))
  File "/sec/securify/ir/graph.py", line 58, in predecessors
    return self.in_edges[node]
KeyError: Goto(ast_node=<securify.grammar.attributes.evaluators.evaluator_demand_base.ModifierInvocation__AllAttrsMixin object at 0x7f8cfd21d150>, block=None, args=[{_categoryId}, {_name}, {_memberRoleToVote}, {_majorityVotePerc}, {_quorumPerc}, {_allowedToCreateProposal}, {_closingTime}, {_actionHash}, {_contractAddress}, {_contractName}, {_incentives}])

The above exception was the direct cause of the following exception:

Traceback (most recent call last):
  File "securify/__main__.py", line 286, in <module>
    main()
  File "securify/__main__.py", line 277, in main
    matches.extend(pattern.find_matches())
  File "/sec/securify/analyses/patterns/ir/base_interface_signatures_pattern.py", line 18, in find_matches
    for contract in self.get_cfg().contracts:
  File "/sec/securify/analyses/patterns/ir/abstract_ir_pattern.py", line 10, in get_cfg
    cfg = self.analysis_context.cfg
  File "/sec/securify/analyses/analysis.py", line 81, in cfg
    self._cfg = self.config.cfg_compiler(self)
  File "securify/__main__.py", line 254, in <lambda>
    cfg_compiler=lambda t: solidity_cfg_compiler.compile_cfg(t.ast).cfg,
  File "/sec/securify/solidity/solidity_cfg_compiler.py", line 88, in compile_cfg
    cfg = ast_attr.cfg
  File "/sec/securify/grammar/attributes/evaluators/evaluator_demand_base.py", line 84, in __get__
    return self.__evaluator.evaluate(instance, self.__name)
  File "/sec/securify/grammar/attributes/evaluators/evaluator_demand_iterative.py", line 57, in evaluate
    f"Rule trace: {self.__rule_trace(dependency_path)}") from e
securify.grammar.attributes.AttributeGrammarError: Error during evaluation of rule 'cfg_modified'. 
Rule trace: 
	SynthesizeRule cfg (File "/sec/securify/solidity/v_0_5_x/solidity_grammar_core.py", line 199)
	SynthesizeRule cfg (File "/sec/securify/solidity/v_0_5_x/solidity_grammar_core.py", line 272)
	SynthesizeRule cfg_constructor (File "/sec/securify/solidity/v_0_5_x/solidity_rules_constructors.py", line 154)
	SynthesizeRule cfg_constructor_chain (File "/sec/securify/solidity/v_0_5_x/solidity_rules_constructors.py", line 71)
	PushdownRule _ (File "/sec/securify/solidity/v_0_5_x/solidity_grammar_core.py", line 192)
	PushdownRule _ (File "/sec/securify/solidity/v_0_5_x/solidity_grammar_core.py", line 192)
	SynthesizeRule cfg_constructor_chain (File "/sec/securify/solidity/v_0_5_x/solidity_rules_constructors.py", line 71)
	PushdownRule _ (File "/sec/securify/solidity/v_0_5_x/solidity_grammar_core.py", line 192)
	PushdownRule _ (File "/sec/securify/solidity/v_0_5_x/solidity_grammar_core.py", line 192)
	SynthesizeRule cfg_constructor_chain (File "/sec/securify/solidity/v_0_5_x/solidity_rules_constructors.py", line 71)
	SynthesizeRule cfg (File "/sec/securify/solidity/v_0_5_x/solidity_grammar_core.py", line 529)
	SynthesizeRule cfg_modified (File "/sec/securify/solidity/v_0_5_x/solidity_grammar_core.py", line 516)

---------------------------------------------
For contract 0x38B704Ba216C762565Da03D1603935d0f579Ef01.sol
Tool Runtime = 28.571836091003206 seconds
#############################################