pragma directive defines a prior version to 0.5.12. Changing pragma version to 0.5.12....
Traceback (most recent call last):
  File "/sec/securify/grammar/attributes/evaluators/evaluator_demand_iterative.py", line 53, in evaluate
    result = super()._execute_rule(rule, arguments)
  File "/sec/securify/grammar/attributes/evaluators/evaluator_base.py", line 42, in _execute_rule
    return rule.func(**{name: node for name, node in arguments.items()})
  File "/sec/securify/solidity/v_0_5_x/solidity_grammar_core.py", line 1505, in initializations
    assert len(declarations) == len(initial_values), (len(declarations), len(initial_values))
AssertionError: (3, 1)

The above exception was the direct cause of the following exception:

Traceback (most recent call last):
  File "securify/__main__.py", line 286, in <module>
    main()
  File "securify/__main__.py", line 277, in main
    matches.extend(pattern.find_matches())
  File "/sec/securify/analyses/patterns/static/static_analysis_patterns.py", line 73, in find_matches
    static = analysis_context.static_analysis
  File "/sec/securify/analyses/analysis.py", line 88, in static_analysis
    self._static = self.config.static_analysis(self)
  File "securify/__main__.py", line 255, in <lambda>
    static_analysis=lambda t: static_analysis.analyze_cfg(t.cfg, **souffle_config),
  File "/sec/securify/analyses/analysis.py", line 81, in cfg
    self._cfg = self.config.cfg_compiler(self)
  File "securify/__main__.py", line 254, in <lambda>
    cfg_compiler=lambda t: solidity_cfg_compiler.compile_cfg(t.ast).cfg,
  File "/sec/securify/solidity/solidity_cfg_compiler.py", line 88, in compile_cfg
    cfg = ast_attr.cfg
  File "/sec/securify/grammar/attributes/evaluators/evaluator_demand_base.py", line 84, in __get__
    return self.__evaluator.evaluate(instance, self.__name)
  File "/sec/securify/grammar/attributes/evaluators/evaluator_demand_iterative.py", line 57, in evaluate
    f"Rule trace: {self.__rule_trace(dependency_path)}") from e
securify.grammar.attributes.AttributeGrammarError: Error during evaluation of rule 'initializations'. 
Rule trace: 
	SynthesizeRule cfg (File "/sec/securify/solidity/v_0_5_x/solidity_grammar_core.py", line 199)
	SynthesizeRule cfg (File "/sec/securify/solidity/v_0_5_x/solidity_grammar_core.py", line 272)
	SynthesizeRule cfg_constructor (File "/sec/securify/solidity/v_0_5_x/solidity_rules_constructors.py", line 154)
	SynthesizeRule cfg_constructor_chain (File "/sec/securify/solidity/v_0_5_x/solidity_rules_constructors.py", line 71)
	SynthesizeRule cfg (File "/sec/securify/solidity/v_0_5_x/solidity_grammar_core.py", line 529)
	SynthesizeRule cfg_unmodified (File "/sec/securify/solidity/v_0_5_x/solidity_grammar_core.py", line 507)
	SynthesizeRule cfg_body (File "/sec/securify/solidity/v_0_5_x/solidity_grammar_core.py", line 500)
	SynthesizeRule implicit_return (File "/sec/securify/solidity/v_0_5_x/solidity_grammar_core.py", line 481)
	SynthesizeRule variables_post (File "/sec/securify/solidity/v_0_5_x/solidity_grammar_core.py", line 831)
	SynthesizeRule variables_post (File "/sec/securify/solidity/v_0_5_x/solidity_grammar_core.py", line 1525)
	SynthesizeRule variables_post (File "/sec/securify/solidity/v_0_5_x/solidity_grammar_core.py", line 73)
	PushdownRule variables_pre (File "/sec/securify/solidity/v_0_5_x/solidity_grammar_core.py", line 76)
	PushdownRule variables_map_step (File "/sec/securify/solidity/v_0_5_x/solidity_grammar_core.py", line 827)
	SynthesizeRule variables_post (File "/sec/securify/solidity/v_0_5_x/solidity_grammar_core.py", line 1525)
	SynthesizeRule variables_post (File "/sec/securify/solidity/v_0_5_x/solidity_grammar_core.py", line 73)
	PushdownRule variables_pre (File "/sec/securify/solidity/v_0_5_x/solidity_grammar_core.py", line 76)
	PushdownRule variables_map_step (File "/sec/securify/solidity/v_0_5_x/solidity_grammar_core.py", line 827)
	SynthesizeRule variables_post (File "/sec/securify/solidity/v_0_5_x/solidity_grammar_core.py", line 1474)
	SynthesizeRule initializations (File "/sec/securify/solidity/v_0_5_x/solidity_grammar_core.py", line 1493)
	SynthesizeRule flattened_expression_values (File "/sec/securify/solidity/v_0_5_x/solidity_grammar_core.py", line 1989)
	SynthesizeRule call_type (File "/sec/securify/solidity/v_0_5_x/solidity_grammar_core.py", line 1971)
	SynthesizeRule expression_value (File "/sec/securify/solidity/v_0_5_x/solidity_grammar_core.py", line 1979)
	SynthesizeRule flattened_expression_values (File "/sec/securify/solidity/v_0_5_x/solidity_grammar_core.py", line 1989)
	SynthesizeRule call_type (File "/sec/securify/solidity/v_0_5_x/solidity_grammar_core.py", line 1971)
	SynthesizeRule expression_value (File "/sec/securify/solidity/v_0_5_x/solidity_grammar_core.py", line 2097)
	SynthesizeRule cfg (File "/sec/securify/solidity/v_0_5_x/solidity_grammar_core.py", line 2216)
	SynthesizeRule expression_value (File "/sec/securify/solidity/v_0_5_x/solidity_grammar_core.py", line 2097)
	SynthesizeRule cfg (File "/sec/securify/solidity/v_0_5_x/solidity_grammar_core.py", line 2369)
	SynthesizeRule expression_value (File "/sec/securify/solidity/v_0_5_x/solidity_grammar_core.py", line 2293)
	PushdownRule variables_pre (File "/sec/securify/solidity/v_0_5_x/solidity_grammar_core.py", line 76)
	PushdownRule variables_pre (File "/sec/securify/solidity/v_0_5_x/solidity_grammar_core.py", line 76)
	PushdownRule variables_pre (File "/sec/securify/solidity/v_0_5_x/solidity_grammar_core.py", line 76)
	PushdownRule variables_pre (File "/sec/securify/solidity/v_0_5_x/solidity_grammar_core.py", line 76)
	PushdownRule variables_pre (File "/sec/securify/solidity/v_0_5_x/solidity_grammar_core.py", line 76)
	PushdownRule variables_map_step (File "/sec/securify/solidity/v_0_5_x/solidity_grammar_core.py", line 827)
	SynthesizeRule variables_post (File "/sec/securify/solidity/v_0_5_x/solidity_grammar_core.py", line 962)
	PushdownRule variables_map_step (File "/sec/securify/solidity/v_0_5_x/solidity_grammar_core.py", line 827)
	SynthesizeRule variables_post (File "/sec/securify/solidity/v_0_5_x/solidity_grammar_core.py", line 1525)
	SynthesizeRule variables_post (File "/sec/securify/solidity/v_0_5_x/solidity_grammar_core.py", line 1643)
	SynthesizeRule assignments_local (File "/sec/securify/solidity/v_0_5_x/solidity_grammar_core.py", line 1698)
	SynthesizeRule assignments (File "/sec/securify/solidity/v_0_5_x/solidity_grammar_core.py", line 1670)
	SynthesizeRule flattened_assignment_generators (File "/sec/securify/solidity/v_0_5_x/solidity_grammar_core.py", line 1791)
	SynthesizeRule assignment_generator (File "/sec/securify/solidity/v_0_5_x/solidity_grammar_core.py", line 2254)
	SynthesizeRule expression_value (File "/sec/securify/solidity/v_0_5_x/solidity_grammar_core.py", line 2293)
	PushdownRule variables_pre (File "/sec/securify/solidity/v_0_5_x/solidity_grammar_core.py", line 76)
	PushdownRule variables_map_step (File "/sec/securify/solidity/v_0_5_x/solidity_grammar_core.py", line 1754)
	SynthesizeRule variables_post (File "/sec/securify/solidity/v_0_5_x/solidity_grammar_core.py", line 73)
	PushdownRule variables_map (File "/sec/securify/solidity/v_0_5_x/solidity_grammar_core.py", line 1750)
	PushdownRule variables_pre (File "/sec/securify/solidity/v_0_5_x/solidity_grammar_core.py", line 76)
	PushdownRule variables_pre (File "/sec/securify/solidity/v_0_5_x/solidity_grammar_core.py", line 76)
	PushdownRule variables_map_step (File "/sec/securify/solidity/v_0_5_x/solidity_grammar_core.py", line 827)
	SynthesizeRule variables_post (File "/sec/securify/solidity/v_0_5_x/solidity_grammar_core.py", line 1474)
	PushdownRule variables_map_step (File "/sec/securify/solidity/v_0_5_x/solidity_grammar_core.py", line 827)
	SynthesizeRule variables_post (File "/sec/securify/solidity/v_0_5_x/solidity_grammar_core.py", line 1525)
	SynthesizeRule variables_post (File "/sec/securify/solidity/v_0_5_x/solidity_grammar_core.py", line 73)
	PushdownRule variables_pre (File "/sec/securify/solidity/v_0_5_x/solidity_grammar_core.py", line 76)
	PushdownRule variables_map_step (File "/sec/securify/solidity/v_0_5_x/solidity_grammar_core.py", line 827)
	SynthesizeRule variables_post (File "/sec/securify/solidity/v_0_5_x/solidity_grammar_core.py", line 1525)
	SynthesizeRule variables_post (File "/sec/securify/solidity/v_0_5_x/solidity_grammar_core.py", line 73)
	PushdownRule variables_pre (File "/sec/securify/solidity/v_0_5_x/solidity_grammar_core.py", line 76)
	PushdownRule variables_map_step (File "/sec/securify/solidity/v_0_5_x/solidity_grammar_core.py", line 827)
	SynthesizeRule variables_post (File "/sec/securify/solidity/v_0_5_x/solidity_grammar_core.py", line 831)
	SynthesizeRule variables_post (File "/sec/securify/solidity/v_0_5_x/solidity_grammar_core.py", line 1525)
	SynthesizeRule variables_post (File "/sec/securify/solidity/v_0_5_x/solidity_grammar_core.py", line 1643)
	SynthesizeRule assignments_local (File "/sec/securify/solidity/v_0_5_x/solidity_grammar_core.py", line 1698)
	SynthesizeRule assignments (File "/sec/securify/solidity/v_0_5_x/solidity_grammar_core.py", line 1670)
	SynthesizeRule flattened_assignment_generators (File "/sec/securify/solidity/v_0_5_x/solidity_grammar_core.py", line 1791)
	SynthesizeRule assignment_generator (File "/sec/securify/solidity/v_0_5_x/solidity_grammar_core.py", line 2346)
	SynthesizeRule is_local (File "/sec/securify/solidity/v_0_5_x/solidity_grammar_core.py", line 2289)
	PushdownRule variables_map_step (File "/sec/securify/solidity/v_0_5_x/solidity_grammar_core.py", line 1754)
	SynthesizeRule variables_post (File "/sec/securify/solidity/v_0_5_x/solidity_grammar_core.py", line 73)
	PushdownRule variables_map (File "/sec/securify/solidity/v_0_5_x/solidity_grammar_core.py", line 1750)
	PushdownRule variables_pre (File "/sec/securify/solidity/v_0_5_x/solidity_grammar_core.py", line 76)
	PushdownRule variables_pre (File "/sec/securify/solidity/v_0_5_x/solidity_grammar_core.py", line 76)
	PushdownRule variables_map_step (File "/sec/securify/solidity/v_0_5_x/solidity_grammar_core.py", line 827)
	SynthesizeRule variables_post (File "/sec/securify/solidity/v_0_5_x/solidity_grammar_core.py", line 1474)
	PushdownRule variables_map_step (File "/sec/securify/solidity/v_0_5_x/solidity_grammar_core.py", line 827)
	SynthesizeRule variables_post (File "/sec/securify/solidity/v_0_5_x/solidity_grammar_core.py", line 1474)
	SynthesizeRule initializations (File "/sec/securify/solidity/v_0_5_x/solidity_grammar_core.py", line 1493)
	SynthesizeRule flattened_expression_values (File "/sec/securify/solidity/v_0_5_x/solidity_grammar_core.py", line 1989)
	SynthesizeRule call_type (File "/sec/securify/solidity/v_0_5_x/solidity_grammar_core.py", line 1971)
	SynthesizeRule expression_value (File "/sec/securify/solidity/v_0_5_x/solidity_grammar_core.py", line 2097)
	SynthesizeRule cfg (File "/sec/securify/solidity/v_0_5_x/solidity_grammar_core.py", line 2369)
	SynthesizeRule expression_value (File "/sec/securify/solidity/v_0_5_x/solidity_grammar_core.py", line 2293)
	PushdownRule variables_pre (File "/sec/securify/solidity/v_0_5_x/solidity_grammar_core.py", line 76)
	PushdownRule variables_pre (File "/sec/securify/solidity/v_0_5_x/solidity_grammar_core.py", line 76)
	PushdownRule variables_pre (File "/sec/securify/solidity/v_0_5_x/solidity_grammar_core.py", line 76)
	PushdownRule variables_map (File "/sec/securify/solidity/v_0_5_x/solidity_grammar_core.py", line 823)
	PushdownRule variables_map_step (File "/sec/securify/solidity/v_0_5_x/solidity_grammar_core.py", line 827)
	SynthesizeRule variables_post (File "/sec/securify/solidity/v_0_5_x/solidity_grammar_core.py", line 1474)
	PushdownRule variables_map_step (File "/sec/securify/solidity/v_0_5_x/solidity_grammar_core.py", line 827)
	SynthesizeRule variables_post (File "/sec/securify/solidity/v_0_5_x/solidity_grammar_core.py", line 1474)
	PushdownRule variables_map_step (File "/sec/securify/solidity/v_0_5_x/solidity_grammar_core.py", line 827)
	SynthesizeRule variables_post (File "/sec/securify/solidity/v_0_5_x/solidity_grammar_core.py", line 1474)
	SynthesizeRule initializations (File "/sec/securify/solidity/v_0_5_x/solidity_grammar_core.py", line 1493)
	SynthesizeRule expression_value (File "/sec/securify/solidity/v_0_5_x/solidity_grammar_core.py", line 2097)
	SynthesizeRule cfg (File "/sec/securify/solidity/v_0_5_x/solidity_grammar_core.py", line 2013)
	SynthesizeRule cfg (File "/sec/securify/solidity/v_0_5_x/solidity_grammar_core.py", line 2369)
	SynthesizeRule expression_value (File "/sec/securify/solidity/v_0_5_x/solidity_grammar_core.py", line 2293)
	PushdownRule variables_pre (File "/sec/securify/solidity/v_0_5_x/solidity_grammar_core.py", line 76)
	PushdownRule variables_pre (File "/sec/securify/solidity/v_0_5_x/solidity_grammar_core.py", line 76)
	PushdownRule variables_pre (File "/sec/securify/solidity/v_0_5_x/solidity_grammar_core.py", line 76)
	PushdownRule variables_map_step (File "/sec/securify/solidity/v_0_5_x/solidity_grammar_core.py", line 827)
	SynthesizeRule variables_post (File "/sec/securify/solidity/v_0_5_x/solidity_grammar_core.py", line 962)
	PushdownRule variables_map_step (File "/sec/securify/solidity/v_0_5_x/solidity_grammar_core.py", line 827)
	SynthesizeRule variables_post (File "/sec/securify/solidity/v_0_5_x/solidity_grammar_core.py", line 1474)
	SynthesizeRule initializations (File "/sec/securify/solidity/v_0_5_x/solidity_grammar_core.py", line 1493)
	SynthesizeRule flattened_expression_values (File "/sec/securify/solidity/v_0_5_x/solidity_grammar_core.py", line 1989)
	SynthesizeRule call_type (File "/sec/securify/solidity/v_0_5_x/solidity_grammar_core.py", line 1971)
	SynthesizeRule expression_value (File "/sec/securify/solidity/v_0_5_x/solidity_grammar_core.py", line 2293)
	PushdownRule variables_pre (File "/sec/securify/solidity/v_0_5_x/solidity_grammar_core.py", line 76)
	PushdownRule variables_pre (File "/sec/securify/solidity/v_0_5_x/solidity_grammar_core.py", line 76)
	PushdownRule variables_map_step (File "/sec/securify/solidity/v_0_5_x/solidity_grammar_core.py", line 827)
	SynthesizeRule variables_post (File "/sec/securify/solidity/v_0_5_x/solidity_grammar_core.py", line 1474)
	SynthesizeRule initializations (File "/sec/securify/solidity/v_0_5_x/solidity_grammar_core.py", line 1493)

---------------------------------------------
For contract 0xa57f64458d85073911263e4e92c9913805c45d0d.sol
Tool Runtime = 2.6063972799965995 seconds
#############################################